<?xml version="1.0" encoding="UTF-8"?>
<!-- Generated by org.testng.reporters.JUnitReportReporter -->
<testsuite hostname="4PHQB62" failures="0" tests="2" name="exercise.unit10Annotation.OpenBrowserOnce" time="33.941" errors="0" timestamp="2023-09-13T11:59:11 EDT" skipped="0">
  <testcase classname="exercise.unit10Annotation.OpenBrowserOnce" name="testAnhTesterBlog" time="27.542"/>
  <testcase classname="exercise.unit10Annotation.OpenBrowserOnce" name="login" time="6.399"/>
</testsuite> <!-- exercise.unit10Annotation.OpenBrowserOnce -->
