<?xml version="1.0" encoding="UTF-8"?>
<!-- Generated by org.testng.reporters.JUnitReportReporter -->
<testsuite hostname="4PHQB62" failures="0" tests="2" name="exercise.unit10Annotation.OpenBrowserEveryTest" time="62.503" errors="0" timestamp="2023-09-13T11:59:11 EDT" skipped="0">
  <testcase classname="exercise.unit10Annotation.OpenBrowserEveryTest" name="testAnhTesterBlog" time="33.229"/>
  <testcase classname="exercise.unit10Annotation.OpenBrowserEveryTest" name="testGoogleSearch" time="29.274"/>
</testsuite> <!-- exercise.unit10Annotation.OpenBrowserEveryTest -->
